<?xml version="1.0" encoding="UTF-8"?>
<!-- Generated by org.testng.reporters.JUnitReportReporter -->
<testsuite hostname="Dhinesh-Pc" failures="0" tests="2" name="Test.Login_TC_01" time="21.838" errors="0" timestamp="2025-06-09T19:39:48 IST" skipped="0">
  <testcase classname="Test.Login_TC_01" name="Positivelogin" time="10.276"/>
  <testcase classname="Test.Login_TC_01" name="negativelogin" time="11.562"/>
</testsuite> <!-- Test.Login_TC_01 -->
