<?xml version="1.0" encoding="UTF-8"?>
<!-- Generated by org.testng.reporters.JUnitReportReporter -->
<testsuite hostname="Dhinesh-Pc" failures="0" tests="1" name="Test.Pay_TC_03" time="16.935" errors="0" timestamp="2025-06-09T19:39:48 IST" skipped="0">
  <testcase classname="Test.Pay_TC_03" name="test_crediting" time="16.935"/>
</testsuite> <!-- Test.Pay_TC_03 -->
